result is
C731F5B665804F65C7E27DDF39331C658ADF819E797767202BB4C82EF5D1FA36

C:\Users\menuw\Documents\research\SHA256\hls\sha256\optimize_5\sim\verilog>set PATH= 

C:\Users\menuw\Documents\research\SHA256\hls\sha256\optimize_5\sim\verilog>call C:/Xilinx/Vivado/2020.2/bin/xelab xil_defaultlib.apatb_sha256_top glbl -prj sha256.prj -L smartconnect_v1_0 -L axi_protocol_checker_v1_1_12 -L axi_protocol_checker_v1_1_13 -L axis_protocol_checker_v1_1_11 -L axis_protocol_checker_v1_1_12 -L xil_defaultlib -L unisims_ver -L xpm  -L floating_point_v7_0_18 -L floating_point_v7_1_11 --lib "ieee_proposed=./ieee_proposed" -s sha256 -debug wave 
Vivado Simulator 2020.2
Copyright 1986-1999, 2001-2020 Xilinx, Inc. All Rights Reserved.
Running: C:/Xilinx/Vivado/2020.2/bin/unwrapped/win64.o/xelab.exe xil_defaultlib.apatb_sha256_top glbl -prj sha256.prj -L smartconnect_v1_0 -L axi_protocol_checker_v1_1_12 -L axi_protocol_checker_v1_1_13 -L axis_protocol_checker_v1_1_11 -L axis_protocol_checker_v1_1_12 -L xil_defaultlib -L unisims_ver -L xpm -L floating_point_v7_0_18 -L floating_point_v7_1_11 --lib ieee_proposed=./ieee_proposed -s sha256 -debug wave 
Multi-threading is on. Using 6 slave threads.
INFO: [VRFC 10-2263] Analyzing SystemVerilog file "C:/Users/menuw/Documents/research/SHA256/hls/sha256/optimize_5/sim/verilog/glbl.v" into library work
INFO: [VRFC 10-311] analyzing module glbl
INFO: [VRFC 10-2263] Analyzing SystemVerilog file "C:/Users/menuw/Documents/research/SHA256/hls/sha256/optimize_5/sim/verilog/AESL_automem_hash.v" into library xil_defaultlib
INFO: [VRFC 10-311] analyzing module AESL_automem_hash
INFO: [VRFC 10-2263] Analyzing SystemVerilog file "C:/Users/menuw/Documents/research/SHA256/hls/sha256/optimize_5/sim/verilog/sha256.autotb.v" into library xil_defaultlib
INFO: [VRFC 10-311] analyzing module apatb_sha256_top
INFO: [VRFC 10-2263] Analyzing SystemVerilog file "C:/Users/menuw/Documents/research/SHA256/hls/sha256/optimize_5/sim/verilog/sha256.v" into library xil_defaultlib
INFO: [VRFC 10-311] analyzing module sha256
INFO: [VRFC 10-2263] Analyzing SystemVerilog file "C:/Users/menuw/Documents/research/SHA256/hls/sha256/optimize_5/sim/verilog/sha256_k.v" into library xil_defaultlib
INFO: [VRFC 10-311] analyzing module sha256_k_rom
INFO: [VRFC 10-311] analyzing module sha256_k
INFO: [VRFC 10-2263] Analyzing SystemVerilog file "C:/Users/menuw/Documents/research/SHA256/hls/sha256/optimize_5/sim/verilog/sha256_mux_646_32_1_1.v" into library xil_defaultlib
INFO: [VRFC 10-311] analyzing module sha256_mux_646_32_1_1
INFO: [VRFC 10-2263] Analyzing SystemVerilog file "C:/Users/menuw/Documents/research/SHA256/hls/sha256/optimize_5/sim/verilog/csv_file_dump.sv" into library xil_defaultlib
INFO: [VRFC 10-2263] Analyzing SystemVerilog file "C:/Users/menuw/Documents/research/SHA256/hls/sha256/optimize_5/sim/verilog/dataflow_monitor.sv" into library xil_defaultlib
INFO: [VRFC 10-311] analyzing module dataflow_monitor
INFO: [VRFC 10-2263] Analyzing SystemVerilog file "C:/Users/menuw/Documents/research/SHA256/hls/sha256/optimize_5/sim/verilog/df_fifo_interface.sv" into library xil_defaultlib
WARNING: [VRFC 10-3609] overwriting previous definition of interface 'df_fifo_intf' [C:/Users/menuw/Documents/research/SHA256/hls/sha256/optimize_5/sim/verilog/df_fifo_interface.sv:4]
INFO: [VRFC 10-2263] Analyzing SystemVerilog file "C:/Users/menuw/Documents/research/SHA256/hls/sha256/optimize_5/sim/verilog/df_fifo_monitor.sv" into library xil_defaultlib
WARNING: [VRFC 10-3609] overwriting previous definition of interface 'df_fifo_intf' [C:/Users/menuw/Documents/research/SHA256/hls/sha256/optimize_5/sim/verilog/df_fifo_interface.sv:4]
INFO: [VRFC 10-2263] Analyzing SystemVerilog file "C:/Users/menuw/Documents/research/SHA256/hls/sha256/optimize_5/sim/verilog/df_process_interface.sv" into library xil_defaultlib
WARNING: [VRFC 10-3609] overwriting previous definition of interface 'df_process_intf' [C:/Users/menuw/Documents/research/SHA256/hls/sha256/optimize_5/sim/verilog/df_process_interface.sv:4]
INFO: [VRFC 10-2263] Analyzing SystemVerilog file "C:/Users/menuw/Documents/research/SHA256/hls/sha256/optimize_5/sim/verilog/df_process_monitor.sv" into library xil_defaultlib
WARNING: [VRFC 10-3609] overwriting previous definition of interface 'df_process_intf' [C:/Users/menuw/Documents/research/SHA256/hls/sha256/optimize_5/sim/verilog/df_process_interface.sv:4]
INFO: [VRFC 10-2263] Analyzing SystemVerilog file "C:/Users/menuw/Documents/research/SHA256/hls/sha256/optimize_5/sim/verilog/dump_file_agent.sv" into library xil_defaultlib
INFO: [VRFC 10-2263] Analyzing SystemVerilog file "C:/Users/menuw/Documents/research/SHA256/hls/sha256/optimize_5/sim/verilog/nodf_module_interface.sv" into library xil_defaultlib
WARNING: [VRFC 10-3609] overwriting previous definition of interface 'nodf_module_intf' [C:/Users/menuw/Documents/research/SHA256/hls/sha256/optimize_5/sim/verilog/nodf_module_interface.sv:4]
INFO: [VRFC 10-2263] Analyzing SystemVerilog file "C:/Users/menuw/Documents/research/SHA256/hls/sha256/optimize_5/sim/verilog/nodf_module_monitor.sv" into library xil_defaultlib
WARNING: [VRFC 10-3609] overwriting previous definition of interface 'nodf_module_intf' [C:/Users/menuw/Documents/research/SHA256/hls/sha256/optimize_5/sim/verilog/nodf_module_interface.sv:4]
INFO: [VRFC 10-2263] Analyzing SystemVerilog file "C:/Users/menuw/Documents/research/SHA256/hls/sha256/optimize_5/sim/verilog/sample_agent.sv" into library xil_defaultlib
INFO: [VRFC 10-2263] Analyzing SystemVerilog file "C:/Users/menuw/Documents/research/SHA256/hls/sha256/optimize_5/sim/verilog/sample_manager.sv" into library xil_defaultlib
Starting static elaboration
Pass Through NonSizing Optimizer
Completed static elaboration
Starting simulation data flow analysis
Completed simulation data flow analysis
Time Resolution for simulation is 1ps
Compiling package xil_defaultlib.$unit_dataflow_monitor_sv
Compiling module xil_defaultlib.sha256_k_rom
Compiling module xil_defaultlib.sha256_k(DataWidth=32,AddressRan...
Compiling module xil_defaultlib.sha256_mux_646_32_1_1(ID=1,din64...
Compiling module xil_defaultlib.sha256
Compiling module xil_defaultlib.AESL_automem_hash
Compiling module xil_defaultlib.nodf_module_intf
Compiling module xil_defaultlib.dataflow_monitor_1
Compiling module xil_defaultlib.apatb_sha256_top
Compiling module work.glbl
Built simulation snapshot sha256

****** Webtalk v2020.2 (64-bit)
  **** SW Build 3064766 on Wed Nov 18 09:12:45 MST 2020
  **** IP Build 3064653 on Wed Nov 18 14:17:31 MST 2020
    ** Copyright 1986-2020 Xilinx, Inc. All Rights Reserved.

source C:/Users/menuw/Documents/research/SHA256/hls/sha256/optimize_5/sim/verilog/xsim.dir/sha256/webtalk/xsim_webtalk.tcl -notrace
INFO: [Common 17-206] Exiting Webtalk at Mon Jun 21 13:11:32 2021...

****** xsim v2020.2 (64-bit)
  **** SW Build 3064766 on Wed Nov 18 09:12:45 MST 2020
  **** IP Build 3064653 on Wed Nov 18 14:17:31 MST 2020
    ** Copyright 1986-2020 Xilinx, Inc. All Rights Reserved.

source xsim.dir/sha256/xsim_script.tcl
# xsim {sha256} -view {{sha256_dataflow_ana.wcfg}} -tclbatch {sha256.tcl} -protoinst {sha256.protoinst}
Vivado Simulator 2020.2
INFO: [Wavedata 42-565] Reading protoinst file sha256.protoinst
INFO: [Wavedata 42-564]   Found protocol instance at /apatb_sha256_top/AESL_inst_sha256//AESL_inst_sha256_activity
Time resolution is 1 ps
open_wave_config sha256_dataflow_ana.wcfg
source sha256.tcl
## log_wave -r /
WARNING: [Simtcl 6-197] One or more HDL objects could not be logged because of object type or size limitations.  To see details please rerun the command with -verbose (-v).
## set designtopgroup [add_wave_group "Design Top Signals"]
## set cinoutgroup [add_wave_group "C InOuts" -into $designtopgroup]
## set stateREG_group [add_wave_group stateREG(wire) -into $cinoutgroup]
## add_wave /apatb_sha256_top/AESL_inst_sha256/stateREG_o_ap_vld -into $stateREG_group -color #ffff00 -radix hex
## add_wave /apatb_sha256_top/AESL_inst_sha256/stateREG_o -into $stateREG_group -radix hex
## add_wave /apatb_sha256_top/AESL_inst_sha256/stateREG_i -into $stateREG_group -radix hex
## set coutputgroup [add_wave_group "C Outputs" -into $designtopgroup]
## set hash_group [add_wave_group hash(memory) -into $coutputgroup]
## add_wave /apatb_sha256_top/AESL_inst_sha256/hash_d1 -into $hash_group -radix hex
## add_wave /apatb_sha256_top/AESL_inst_sha256/hash_we1 -into $hash_group -color #ffff00 -radix hex
## add_wave /apatb_sha256_top/AESL_inst_sha256/hash_ce1 -into $hash_group -color #ffff00 -radix hex
## add_wave /apatb_sha256_top/AESL_inst_sha256/hash_address1 -into $hash_group -radix hex
## add_wave /apatb_sha256_top/AESL_inst_sha256/hash_d0 -into $hash_group -radix hex
## add_wave /apatb_sha256_top/AESL_inst_sha256/hash_we0 -into $hash_group -color #ffff00 -radix hex
## add_wave /apatb_sha256_top/AESL_inst_sha256/hash_ce0 -into $hash_group -color #ffff00 -radix hex
## add_wave /apatb_sha256_top/AESL_inst_sha256/hash_address0 -into $hash_group -radix hex
## set cinputgroup [add_wave_group "C Inputs" -into $designtopgroup]
## set data_group [add_wave_group data(wire) -into $cinputgroup]
## add_wave /apatb_sha256_top/AESL_inst_sha256/data -into $data_group -radix hex
## set blocksiggroup [add_wave_group "Block-level IO Handshake" -into $designtopgroup]
## add_wave /apatb_sha256_top/AESL_inst_sha256/ap_start -into $blocksiggroup
## add_wave /apatb_sha256_top/AESL_inst_sha256/ap_done -into $blocksiggroup
## add_wave /apatb_sha256_top/AESL_inst_sha256/ap_idle -into $blocksiggroup
## add_wave /apatb_sha256_top/AESL_inst_sha256/ap_ready -into $blocksiggroup
## set resetgroup [add_wave_group "Reset" -into $designtopgroup]
## add_wave /apatb_sha256_top/AESL_inst_sha256/ap_rst -into $resetgroup
## set clockgroup [add_wave_group "Clock" -into $designtopgroup]
## add_wave /apatb_sha256_top/AESL_inst_sha256/ap_clk -into $clockgroup
## set testbenchgroup [add_wave_group "Test Bench Signals"]
## set tbinternalsiggroup [add_wave_group "Internal Signals" -into $testbenchgroup]
## set tb_simstatus_group [add_wave_group "Simulation Status" -into $tbinternalsiggroup]
## set tb_portdepth_group [add_wave_group "Port Depth" -into $tbinternalsiggroup]
## add_wave /apatb_sha256_top/AUTOTB_TRANSACTION_NUM -into $tb_simstatus_group -radix hex
## add_wave /apatb_sha256_top/ready_cnt -into $tb_simstatus_group -radix hex
## add_wave /apatb_sha256_top/done_cnt -into $tb_simstatus_group -radix hex
## add_wave /apatb_sha256_top/LENGTH_stateREG -into $tb_portdepth_group -radix hex
## add_wave /apatb_sha256_top/LENGTH_data -into $tb_portdepth_group -radix hex
## add_wave /apatb_sha256_top/LENGTH_hash -into $tb_portdepth_group -radix hex
## set tbcinoutgroup [add_wave_group "C InOuts" -into $testbenchgroup]
## set tb_stateREG_group [add_wave_group stateREG(wire) -into $tbcinoutgroup]
## add_wave /apatb_sha256_top/stateREG_o_ap_vld -into $tb_stateREG_group -color #ffff00 -radix hex
## add_wave /apatb_sha256_top/stateREG_o -into $tb_stateREG_group -radix hex
## add_wave /apatb_sha256_top/stateREG_i -into $tb_stateREG_group -radix hex
## set tbcoutputgroup [add_wave_group "C Outputs" -into $testbenchgroup]
## set tb_hash_group [add_wave_group hash(memory) -into $tbcoutputgroup]
## add_wave /apatb_sha256_top/hash_d1 -into $tb_hash_group -radix hex
## add_wave /apatb_sha256_top/hash_we1 -into $tb_hash_group -color #ffff00 -radix hex
## add_wave /apatb_sha256_top/hash_ce1 -into $tb_hash_group -color #ffff00 -radix hex
## add_wave /apatb_sha256_top/hash_address1 -into $tb_hash_group -radix hex
## add_wave /apatb_sha256_top/hash_d0 -into $tb_hash_group -radix hex
## add_wave /apatb_sha256_top/hash_we0 -into $tb_hash_group -color #ffff00 -radix hex
## add_wave /apatb_sha256_top/hash_ce0 -into $tb_hash_group -color #ffff00 -radix hex
## add_wave /apatb_sha256_top/hash_address0 -into $tb_hash_group -radix hex
## set tbcinputgroup [add_wave_group "C Inputs" -into $testbenchgroup]
## set tb_data_group [add_wave_group data(wire) -into $tbcinputgroup]
## add_wave /apatb_sha256_top/data -into $tb_data_group -radix hex
## save_wave_config sha256.wcfg
## run all
////////////////////////////////////////////////////////////////////////////////////
// Inter-Transaction Progress: Completed Transaction / Total Transaction
// Intra-Transaction Progress: Measured Latency / Latency Estimation * 100%
//
// RTL Simulation : "Inter-Transaction Progress" ["Intra-Transaction Progress"] @ "Simulation Time"
////////////////////////////////////////////////////////////////////////////////////
// RTL Simulation : 0 / 1 [0.00%] @ "125000"
// RTL Simulation : 1 / 1 [100.00%] @ "1675000"
////////////////////////////////////////////////////////////////////////////////////
$finish called at time : 1715 ns : File "C:/Users/menuw/Documents/research/SHA256/hls/sha256/optimize_5/sim/verilog/sha256.autotb.v" Line 409
## quit
INFO: [Common 17-206] Exiting xsim at Mon Jun 21 13:11:39 2021...
result is
0000000000000000000000000000000000000000000000000000000000000000
