

================================================================
== Synthesis Summary Report of 'sha256'
================================================================
+ General Information: 
    * Date:           Sun Jun 20 17:17:13 2021
    * Version:        2020.2 (Build 3064766 on Wed Nov 18 09:12:45 MST 2020)
    * Project:        sha256
    * Solution:       optimize_1 (Vivado IP Flow Target)
    * Product family: virtexuplus
    * Target device:  xcvu11p-flga2577-1-e
    

+ Performance & Resource Estimates: 
    
    PS: '+' for module; 'o' for loop; '*' for dataflow
    +----------------------------+------+-------+---------+-----------+----------+---------+------+----------+----------+----+-------------+------------+-----+
    |           Modules          | Issue|       | Latency |  Latency  | Iteration|         | Trip |          |          |    |             |            |     |
    |           & Loops          | Type | Slack | (cycles)|    (ns)   |  Latency | Interval| Count| Pipelined|   BRAM   | DSP|      FF     |     LUT    | URAM|
    +----------------------------+------+-------+---------+-----------+----------+---------+------+----------+----------+----+-------------+------------+-----+
    |+ sha256                    |     -|  -0.81|        -|          -|         -|        -|     -|        no|  16 (~0%)|   -|  16674 (~0%)|  86857 (6%)|    -|
    | + grp_sha256_final_fu_129  |     -|  -0.81|        -|          -|         -|        -|     -|        no|   8 (~0%)|   -|   8496 (~0%)|  43135 (3%)|    -|
    |  + grp_compress_fu_395     |     -|  -0.81|      101|  1.010e+03|         -|      101|     -|        no|   8 (~0%)|   -|   8007 (~0%)|  40833 (3%)|    -|
    |   o compress_loop_2        |     -|  -7.30|       48|    480.000|         2|        1|    48|       yes|         -|   -|            -|           -|    -|
    |  o sha_final_loop_1        |     -|  -7.30|        -|          -|         1|        1|     -|       yes|         -|   -|            -|           -|    -|
    |  o sha_final_loop_2        |     -|  -7.30|        -|          -|         1|        1|     -|       yes|         -|   -|            -|           -|    -|
    |  o Loop 3                  |     -|  -7.30|       56|    560.000|         1|        1|    56|       yes|         -|   -|            -|           -|    -|
    |  o sha_final_loop_3        |    II|  -7.30|       16|    160.000|         4|        4|     4|       yes|         -|   -|            -|           -|    -|
    | + grp_pad_fu_136           |     -|  -0.81|      755|  7.550e+03|         -|      755|     -|        no|   8 (~0%)|   -|   8153 (~0%)|  43465 (3%)|    -|
    |  + grp_compress_fu_260     |     -|  -0.81|      101|  1.010e+03|         -|      101|     -|        no|   8 (~0%)|   -|   8007 (~0%)|  40833 (3%)|    -|
    |   o compress_loop_2        |     -|  -7.30|       48|    480.000|         2|        1|    48|       yes|         -|   -|            -|           -|    -|
    +----------------------------+------+-------+---------+-----------+----------+---------+------+----------+----------+----+-------------+------------+-----+

